android/app/build/intermediates/manifest_merge_blame_file/debug/processDebugMainManifest/manifest-merger-blame-debug-report.txt
1<?xml version="1.0" encoding="utf-8"?>
2<manifest xmlns:android="http://schemas.android.com/apk/res/android"
3    package="com.yuluo.kissu"
4    android:versionCode="1"
5    android:versionName="1.0.0" >
6
7    <uses-sdk
8        android:minSdkVersion="21"
9        android:targetSdkVersion="34" />
10    <!--
11         The INTERNET permission is required for development. Specifically,
12         the Flutter tool needs it to communicate with the running application
13         to allow setting breakpoints, to provide hot reload, etc.
14    -->
15    <uses-permission android:name="android.permission.INTERNET" />
15-->src\main\AndroidManifest.xml:82:5-67
15-->src\main\AndroidManifest.xml:82:22-64
16    <!-- Permissions for image_picker plugin -->
17    <uses-permission android:name="android.permission.CAMERA" />
17-->src\main\AndroidManifest.xml:77:5-64
17-->src\main\AndroidManifest.xml:77:22-62
18    <uses-permission android:name="android.permission.READ_EXTERNAL_STORAGE" />
18-->src\main\AndroidManifest.xml:78:5-79
18-->src\main\AndroidManifest.xml:78:22-77
19    <uses-permission android:name="android.permission.WRITE_EXTERNAL_STORAGE" />
19-->src\main\AndroidManifest.xml:79:5-80
19-->src\main\AndroidManifest.xml:79:22-78
20    <uses-permission android:name="android.permission.ACCESS_NETWORK_STATE" />
20-->src\main\AndroidManifest.xml:83:5-79
20-->src\main\AndroidManifest.xml:83:22-76
21    <uses-permission android:name="android.permission.ACCESS_LOCATION_EXTRA_COMMANDS" /> <!-- Android支付相关权限 -->
21-->src\main\AndroidManifest.xml:84:5-89
21-->src\main\AndroidManifest.xml:84:22-86
22    <uses-permission android:name="android.permission.ACCESS_WIFI_STATE" />
22-->src\main\AndroidManifest.xml:87:5-76
22-->src\main\AndroidManifest.xml:87:22-73
23    <uses-permission android:name="android.permission.CHANGE_WIFI_STATE" />
23-->src\main\AndroidManifest.xml:88:5-76
23-->src\main\AndroidManifest.xml:88:22-73
24    <uses-permission android:name="android.permission.READ_PHONE_STATE" />
24-->src\main\AndroidManifest.xml:89:5-75
24-->src\main\AndroidManifest.xml:89:22-72
25    <uses-permission android:name="android.permission.WAKE_LOCK" />
25-->src\main\AndroidManifest.xml:90:5-68
25-->src\main\AndroidManifest.xml:90:22-65
26    <uses-permission android:name="android.permission.VIBRATE" /> <!-- 支付宝SDK需要的权限 -->
26-->src\main\AndroidManifest.xml:91:5-66
26-->src\main\AndroidManifest.xml:91:22-63
27    <uses-permission android:name="android.permission.ACCESS_COARSE_LOCATION" />
27-->src\main\AndroidManifest.xml:94:5-81
27-->src\main\AndroidManifest.xml:94:22-78
28    <uses-permission android:name="android.permission.ACCESS_FINE_LOCATION" /> <!-- 微信SDK需要的权限 -->
28-->src\main\AndroidManifest.xml:95:5-79
28-->src\main\AndroidManifest.xml:95:22-76
29    <uses-permission android:name="android.permission.MODIFY_AUDIO_SETTINGS" />
29-->src\main\AndroidManifest.xml:98:5-80
29-->src\main\AndroidManifest.xml:98:22-77
30    <uses-permission android:name="android.permission.RECORD_AUDIO" />
30-->src\main\AndroidManifest.xml:99:5-71
30-->src\main\AndroidManifest.xml:99:22-68
31    <!--
32 Required to query activities that can process text, see:
33         https://developer.android.com/training/package-visibility and
34         https://developer.android.com/reference/android/content/Intent#ACTION_PROCESS_TEXT.
35
36         In particular, this is used by the Flutter engine in io.flutter.plugin.text.ProcessTextPlugin.
37    -->
38    <queries>
38-->src\main\AndroidManifest.xml:106:5-111:15
39        <intent>
39-->src\main\AndroidManifest.xml:107:9-110:18
40            <action android:name="android.intent.action.PROCESS_TEXT" />
40-->src\main\AndroidManifest.xml:108:13-72
40-->src\main\AndroidManifest.xml:108:21-70
41
42            <data android:mimeType="text/plain" />
42-->src\main\AndroidManifest.xml:109:13-50
42-->src\main\AndroidManifest.xml:109:19-48
43        </intent>
44        <intent> <!-- H5 支持手淘登录 -->
44-->[com.alipay.sdk:alipaysdk-android:15.8.11] AndroidManifest.xml:10:9-14:18
45            <action android:name="*" />
45-->[com.alipay.sdk:alipaysdk-android:15.8.11] AndroidManifest.xml:11:13-40
45-->[com.alipay.sdk:alipaysdk-android:15.8.11] AndroidManifest.xml:11:21-37
46
47            <data android:scheme="tbopen" />
47-->src\main\AndroidManifest.xml:109:13-50
48        </intent>
49
50        <package android:name="com.eg.android.AlipayGphone" /> <!-- 支付宝 app -->
50-->[com.alipay.sdk:alipaysdk-android:15.8.11] AndroidManifest.xml:16:9-63
50-->[com.alipay.sdk:alipaysdk-android:15.8.11] AndroidManifest.xml:16:18-60
51        <package android:name="com.eg.android.AlipayGphoneRC" /> <!-- 沙箱支付宝 app -->
51-->[com.alipay.sdk:alipaysdk-android:15.8.11] AndroidManifest.xml:17:9-65
51-->[com.alipay.sdk:alipaysdk-android:15.8.11] AndroidManifest.xml:17:18-62
52        <package android:name="hk.alipay.wallet" />
52-->[com.alipay.sdk:alipaysdk-android:15.8.11] AndroidManifest.xml:18:9-52
52-->[com.alipay.sdk:alipaysdk-android:15.8.11] AndroidManifest.xml:18:18-49
53    </queries>
54
55    <supports-screens
55-->[com.alipay.sdk:alipaysdk-android:15.8.11] AndroidManifest.xml:21:5-26:39
56        android:anyDensity="true"
56-->[com.alipay.sdk:alipaysdk-android:15.8.11] AndroidManifest.xml:22:9-34
57        android:largeScreens="true"
57-->[com.alipay.sdk:alipaysdk-android:15.8.11] AndroidManifest.xml:23:9-36
58        android:normalScreens="true"
58-->[com.alipay.sdk:alipaysdk-android:15.8.11] AndroidManifest.xml:24:9-37
59        android:resizeable="true"
59-->[com.alipay.sdk:alipaysdk-android:15.8.11] AndroidManifest.xml:25:9-34
60        android:smallScreens="true" />
60-->[com.alipay.sdk:alipaysdk-android:15.8.11] AndroidManifest.xml:26:9-36
61
62    <application
63        android:name="io.flutter.app.FlutterApplication"
64        android:debuggable="true"
65        android:extractNativeLibs="true"
66        android:icon="@mipmap/ic_launcher"
67        android:label="kissu_app" >
68
69        <!-- 高德地图API Key -->
70        <meta-data
71            android:name="com.amap.api.v2.apikey"
72            android:value="38edb925a25f22e3aae2f86ce7f2ff3b" />
73        <!-- 高德定位服务 -->
74        <service android:name="com.amap.api.location.APSService" />
75
76        <activity
77            android:name="com.yuluo.kissu.MainActivity"
78            android:configChanges="orientation|keyboardHidden|keyboard|screenSize|smallestScreenSize|locale|layoutDirection|fontScale|screenLayout|density|uiMode"
79            android:exported="true"
80            android:hardwareAccelerated="true"
81            android:launchMode="singleTop"
82            android:taskAffinity=""
83            android:theme="@style/LaunchTheme"
84            android:windowSoftInputMode="adjustResize" >
85
86            <!--
87                 Specifies an Android theme to apply to this Activity as soon as
88                 the Android process has started. This theme is visible to the user
89                 while the Flutter UI initializes. After that, this theme continues
90                 to determine the Window background behind the Flutter UI.
91            -->
92            <meta-data
93                android:name="io.flutter.embedding.android.NormalTheme"
94                android:resource="@style/NormalTheme" />
95
96            <intent-filter>
97                <action android:name="android.intent.action.MAIN" />
98
99                <category android:name="android.intent.category.LAUNCHER" />
100            </intent-filter>
101            <!-- Alipay callback intent-filter -->
102            <intent-filter>
103                <action android:name="android.intent.action.VIEW" />
104
105                <category android:name="android.intent.category.DEFAULT" />
106                <category android:name="android.intent.category.BROWSABLE" />
107
108                <data android:scheme="alipay2021005173620334" />
108-->src\main\AndroidManifest.xml:109:13-50
109            </intent-filter>
110        </activity>
111
112        <!-- 微信支付Activity -->
113        <activity
114            android:name="com.yuluo.kissu.wxapi.WXPayEntryActivity"
115            android:exported="true"
116            android:launchMode="singleTop"
117            android:theme="@android:style/Theme.Translucent.NoTitleBar" />
118
119        <!-- 支付宝支付Activity -->
120        <activity
121            android:name="com.yuluo.kissu.pay.AlipayActivity"
122            android:exported="false"
123            android:launchMode="singleTop"
124            android:screenOrientation="behind"
125            android:windowSoftInputMode="adjustResize|stateHidden" />
126
127        <!--
128             Don't delete the meta-data below.
129             This is used by the Flutter tool to generate GeneratedPluginRegistrant.java
130        -->
131        <meta-data
132            android:name="flutterEmbedding"
133            android:value="2" />
134
135        <!-- 微信支付配置 -->
136        <meta-data
137            android:name="WECHAT_APP_ID"
138            android:value="wxca15128b8c388c13" />
139
140        <!-- 支付宝配置 -->
141        <meta-data
142            android:name="ALIPAY_SCHEME"
143            android:value="alipay2021005173620334" />
144
145        <uses-library
145-->[com.alipay.sdk:alipaysdk-android:15.8.11] AndroidManifest.xml:33:9-35:40
146            android:name="org.apache.http.legacy"
146-->[com.alipay.sdk:alipaysdk-android:15.8.11] AndroidManifest.xml:34:13-50
147            android:required="false" />
147-->[com.alipay.sdk:alipaysdk-android:15.8.11] AndroidManifest.xml:35:13-37
148
149        <activity
149-->[com.alipay.sdk:alipaysdk-android:15.8.11] AndroidManifest.xml:37:9-42:20
150            android:name="com.alipay.sdk.app.H5PayActivity"
150-->[com.alipay.sdk:alipaysdk-android:15.8.11] AndroidManifest.xml:38:13-60
151            android:configChanges="orientation|keyboardHidden|navigation|screenSize|locale|keyboard|screenLayout|density|fontScale|layoutDirection|smallestScreenSize"
151-->[com.alipay.sdk:alipaysdk-android:15.8.11] AndroidManifest.xml:39:13-167
152            android:exported="false"
152-->[com.alipay.sdk:alipaysdk-android:15.8.11] AndroidManifest.xml:40:13-37
153            android:theme="@android:style/Theme.NoTitleBar" >
153-->[com.alipay.sdk:alipaysdk-android:15.8.11] AndroidManifest.xml:41:13-60
154        </activity>
155        <activity
155-->[com.alipay.sdk:alipaysdk-android:15.8.11] AndroidManifest.xml:43:9-48:20
156            android:name="com.alipay.sdk.app.H5AuthActivity"
156-->[com.alipay.sdk:alipaysdk-android:15.8.11] AndroidManifest.xml:44:13-61
157            android:configChanges="orientation|keyboardHidden|navigation|screenSize|locale|keyboard|screenLayout|density|fontScale|layoutDirection|smallestScreenSize"
157-->[com.alipay.sdk:alipaysdk-android:15.8.11] AndroidManifest.xml:45:13-167
158            android:exported="false"
158-->[com.alipay.sdk:alipaysdk-android:15.8.11] AndroidManifest.xml:46:13-37
159            android:theme="@android:style/Theme.NoTitleBar" >
159-->[com.alipay.sdk:alipaysdk-android:15.8.11] AndroidManifest.xml:47:13-60
160        </activity>
161        <activity
161-->[com.alipay.sdk:alipaysdk-android:15.8.11] AndroidManifest.xml:49:9-55:20
162            android:name="com.alipay.sdk.app.PayResultActivity"
162-->[com.alipay.sdk:alipaysdk-android:15.8.11] AndroidManifest.xml:50:13-64
163            android:configChanges="orientation|keyboardHidden|navigation|screenSize|locale|keyboard|screenLayout|density|fontScale|layoutDirection|smallestScreenSize"
163-->[com.alipay.sdk:alipaysdk-android:15.8.11] AndroidManifest.xml:51:13-167
164            android:exported="true"
164-->[com.alipay.sdk:alipaysdk-android:15.8.11] AndroidManifest.xml:52:13-36
165            android:launchMode="singleInstance"
165-->[com.alipay.sdk:alipaysdk-android:15.8.11] AndroidManifest.xml:53:13-48
166            android:theme="@android:style/Theme.Translucent.NoTitleBar" >
166-->[com.alipay.sdk:alipaysdk-android:15.8.11] AndroidManifest.xml:54:13-72
167        </activity>
168        <activity
168-->[com.alipay.sdk:alipaysdk-android:15.8.11] AndroidManifest.xml:56:9-62:20
169            android:name="com.alipay.sdk.app.AlipayResultActivity"
169-->[com.alipay.sdk:alipaysdk-android:15.8.11] AndroidManifest.xml:57:13-67
170            android:configChanges="orientation|keyboardHidden|navigation|screenSize|locale|keyboard|screenLayout|density|fontScale|layoutDirection|smallestScreenSize"
170-->[com.alipay.sdk:alipaysdk-android:15.8.11] AndroidManifest.xml:58:13-167
171            android:exported="true"
171-->[com.alipay.sdk:alipaysdk-android:15.8.11] AndroidManifest.xml:59:13-36
172            android:launchMode="singleTask"
172-->[com.alipay.sdk:alipaysdk-android:15.8.11] AndroidManifest.xml:60:13-44
173            android:theme="@android:style/Theme.Translucent.NoTitleBar" >
173-->[com.alipay.sdk:alipaysdk-android:15.8.11] AndroidManifest.xml:61:13-72
174        </activity>
175        <activity
175-->[com.alipay.sdk:alipaysdk-android:15.8.11] AndroidManifest.xml:63:9-69:20
176            android:name="com.alipay.sdk.app.H5OpenAuthActivity"
176-->[com.alipay.sdk:alipaysdk-android:15.8.11] AndroidManifest.xml:64:13-65
177            android:configChanges="orientation|keyboardHidden|navigation|screenSize|locale|keyboard|screenLayout|density|fontScale|layoutDirection|smallestScreenSize"
177-->[com.alipay.sdk:alipaysdk-android:15.8.11] AndroidManifest.xml:65:13-167
178            android:exported="false"
178-->[com.alipay.sdk:alipaysdk-android:15.8.11] AndroidManifest.xml:66:13-37
179            android:screenOrientation="behind"
179-->[com.alipay.sdk:alipaysdk-android:15.8.11] AndroidManifest.xml:67:13-47
180            android:windowSoftInputMode="adjustResize|stateHidden" >
180-->[com.alipay.sdk:alipaysdk-android:15.8.11] AndroidManifest.xml:68:13-67
181        </activity>
182        <activity
182-->[com.alipay.sdk:alipaysdk-android:15.8.11] AndroidManifest.xml:70:9-75:20
183            android:name="com.alipay.sdk.app.APayEntranceActivity"
183-->[com.alipay.sdk:alipaysdk-android:15.8.11] AndroidManifest.xml:71:13-67
184            android:configChanges="orientation|keyboardHidden|navigation|screenSize|locale|keyboard|screenLayout|density|fontScale|layoutDirection|smallestScreenSize"
184-->[com.alipay.sdk:alipaysdk-android:15.8.11] AndroidManifest.xml:72:13-167
185            android:exported="false"
185-->[com.alipay.sdk:alipaysdk-android:15.8.11] AndroidManifest.xml:73:13-37
186            android:theme="@android:style/Theme.Translucent.NoTitleBar" >
186-->[com.alipay.sdk:alipaysdk-android:15.8.11] AndroidManifest.xml:74:13-72
187        </activity>
188    </application>
189
190</manifest>